# JRE version: OpenJDK Runtime Environment Temurin-17.0.4+8 (17.0.4+8) (build 17.0.4+8)
# Java VM: OpenJDK 64-Bit Server VM Temurin-17.0.4+8 (17.0.4+8, mixed mode, emulated-client, tiered, compressed oops, compressed class ptrs, g1 gc, linux-amd64)
GC Precious Log:
 CPUs: 6 total, 6 available
 Memory: 7944M
 Large Page Support: Disabled
 NUMA Support: Disabled
 Compressed Oops: Enabled (32-bit)
 Heap Region Size: 1M
 Heap Min Capacity: 8M
 Heap Initial Capacity: 126M
 Heap Max Capacity: 1988M
 Pre-touch: Disabled
 Parallel Workers: 6
 Concurrent Workers: 2
 Concurrent Refinement Workers: 6
 Periodic GC: Disabled
Heap:
 garbage-first heap   total 55296K, used 30373K [0x0000000083c00000, 0x0000000100000000)
  region size 1024K, 11 young (11264K), 0 survivors (0K)
 Metaspace       used 63331K, committed 63744K, reserved 1105920K
  class space    used 8563K, committed 8768K, reserved 1048576K
GC Heap History (20 events):
Event: 196,948 GC heap before
{Heap before GC invocations=25 (full 2):
 garbage-first heap   total 55296K, used 38994K [0x0000000083c00000, 0x0000000100000000)
  region size 1024K, 21 young (21504K), 2 survivors (2048K)
 Metaspace       used 60607K, committed 61120K, reserved 1105920K
  class space    used 8144K, committed 8384K, reserved 1048576K
}
Event: 196,950 GC heap after
{Heap after GC invocations=26 (full 2):
 garbage-first heap   total 55296K, used 22406K [0x0000000083c00000, 0x0000000100000000)
  region size 1024K, 3 young (3072K), 3 survivors (3072K)
 Metaspace       used 60607K, committed 61120K, reserved 1105920K
  class space    used 8144K, committed 8384K, reserved 1048576K
}
Event: 258,423 GC heap before
{Heap before GC invocations=26 (full 2):
 garbage-first heap   total 55296K, used 31622K [0x0000000083c00000, 0x0000000100000000)
  region size 1024K, 13 young (13312K), 3 survivors (3072K)
 Metaspace       used 60614K, committed 61120K, reserved 1105920K
  class space    used 8146K, committed 8384K, reserved 1048576K
}
Event: 258,479 GC heap after
{Heap after GC invocations=27 (full 3):
 garbage-first heap   total 55296K, used 18940K [0x0000000083c00000, 0x0000000100000000)
  region size 1024K, 0 young (0K), 0 survivors (0K)
 Metaspace       used 60552K, committed 61120K, reserved 1105920K
  class space    used 8139K, committed 8384K, reserved 1048576K
}
Event: 258,918 GC heap before
{Heap before GC invocations=27 (full 3):
 garbage-first heap   total 55296K, used 40444K [0x0000000083c00000, 0x0000000100000000)
  region size 1024K, 21 young (21504K), 0 survivors (0K)
 Metaspace       used 60761K, committed 61184K, reserved 1105920K
  class space    used 8204K, committed 8384K, reserved 1048576K
}
Event: 258,920 GC heap after
{Heap after GC invocations=28 (full 3):
 garbage-first heap   total 55296K, used 20742K [0x0000000083c00000, 0x0000000100000000)
  region size 1024K, 2 young (2048K), 2 survivors (2048K)
 Metaspace       used 60761K, committed 61184K, reserved 1105920K
  class space    used 8204K, committed 8384K, reserved 1048576K
}
Event: 259,217 GC heap before
{Heap before GC invocations=28 (full 3):
 garbage-first heap   total 55296K, used 41222K [0x0000000083c00000, 0x0000000100000000)
  region size 1024K, 22 young (22528K), 2 survivors (2048K)
 Metaspace       used 60857K, committed 61248K, reserved 1105920K
  class space    used 8221K, committed 8384K, reserved 1048576K
}
Event: 259,221 GC heap after
{Heap after GC invocations=29 (full 3):
 garbage-first heap   total 55296K, used 22763K [0x0000000083c00000, 0x0000000100000000)
  region size 1024K, 3 young (3072K), 3 survivors (3072K)
 Metaspace       used 60857K, committed 61248K, reserved 1105920K
  class space    used 8221K, committed 8384K, reserved 1048576K
}
Event: 259,542 GC heap before
{Heap before GC invocations=29 (full 3):
 garbage-first heap   total 55296K, used 41195K [0x0000000083c00000, 0x0000000100000000)
  region size 1024K, 21 young (21504K), 3 survivors (3072K)
 Metaspace       used 63027K, committed 63424K, reserved 1105920K
  class space    used 8526K, committed 8704K, reserved 1048576K
}
Event: 259,546 GC heap after
{Heap after GC invocations=30 (full 3):
 garbage-first heap   total 55296K, used 24363K [0x0000000083c00000, 0x0000000100000000)
  region size 1024K, 2 young (2048K), 2 survivors (2048K)
 Metaspace       used 63027K, committed 63424K, reserved 1105920K
  class space    used 8526K, committed 8704K, reserved 1048576K
}
Event: 579,240 GC heap before
{Heap before GC invocations=30 (full 3):
 garbage-first heap   total 55296K, used 38699K [0x0000000083c00000, 0x0000000100000000)
  region size 1024K, 17 young (17408K), 2 survivors (2048K)
 Metaspace       used 63167K, committed 63616K, reserved 1105920K
  class space    used 8550K, committed 8768K, reserved 1048576K
}
Event: 579,306 GC heap after
{Heap after GC invocations=31 (full 4):
 garbage-first heap   total 55296K, used 20126K [0x0000000083c00000, 0x0000000100000000)
  region size 1024K, 0 young (0K), 0 survivors (0K)
 Metaspace       used 63105K, committed 63616K, reserved 1105920K
  class space    used 8543K, committed 8768K, reserved 1048576K
}
Event: 579,751 GC heap before
{Heap before GC invocations=31 (full 4):
 garbage-first heap   total 55296K, used 41630K [0x0000000083c00000, 0x0000000100000000)
  region size 1024K, 21 young (21504K), 0 survivors (0K)
 Metaspace       used 63127K, committed 63616K, reserved 1105920K
  class space    used 8545K, committed 8768K, reserved 1048576K
}
Event: 579,753 GC heap after
{Heap after GC invocations=32 (full 4):
 garbage-first heap   total 55296K, used 21808K [0x0000000083c00000, 0x0000000100000000)
  region size 1024K, 2 young (2048K), 2 survivors (2048K)
 Metaspace       used 63127K, committed 63616K, reserved 1105920K
  class space    used 8545K, committed 8768K, reserved 1048576K
}
Event: 580,008 GC heap before
{Heap before GC invocations=32 (full 4):
 garbage-first heap   total 55296K, used 41264K [0x0000000083c00000, 0x0000000100000000)
  region size 1024K, 21 young (21504K), 2 survivors (2048K)
 Metaspace       used 63183K, committed 63616K, reserved 1105920K
  class space    used 8553K, committed 8768K, reserved 1048576K
}
Event: 580,011 GC heap after
{Heap after GC invocations=33 (full 4):
 garbage-first heap   total 55296K, used 23711K [0x0000000083c00000, 0x0000000100000000)
  region size 1024K, 3 young (3072K), 3 survivors (3072K)
 Metaspace       used 63183K, committed 63616K, reserved 1105920K
  class space    used 8553K, committed 8768K, reserved 1048576K
}
Event: 580,193 GC heap before
{Heap before GC invocations=33 (full 4):
 garbage-first heap   total 55296K, used 41119K [0x0000000083c00000, 0x0000000100000000)
  region size 1024K, 20 young (20480K), 3 survivors (3072K)
 Metaspace       used 63321K, committed 63744K, reserved 1105920K
  class space    used 8560K, committed 8768K, reserved 1048576K
}
Event: 580,196 GC heap after
{Heap after GC invocations=34 (full 4):
 garbage-first heap   total 55296K, used 24785K [0x0000000083c00000, 0x0000000100000000)
  region size 1024K, 2 young (2048K), 2 survivors (2048K)
 Metaspace       used 63321K, committed 63744K, reserved 1105920K
  class space    used 8560K, committed 8768K, reserved 1048576K
}
Event: 604,776 GC heap before
{Heap before GC invocations=34 (full 4):
 garbage-first heap   total 55296K, used 27857K [0x0000000083c00000, 0x0000000100000000)
  region size 1024K, 6 young (6144K), 2 survivors (2048K)
 Metaspace       used 63323K, committed 63744K, reserved 1105920K
  class space    used 8561K, committed 8768K, reserved 1048576K
}
Event: 604,828 GC heap after
{Heap after GC invocations=35 (full 5):
 garbage-first heap   total 55296K, used 20133K [0x0000000083c00000, 0x0000000100000000)
  region size 1024K, 0 young (0K), 0 survivors (0K)
 Metaspace       used 63321K, committed 63744K, reserved 1105920K
  class space    used 8560K, committed 8768K, reserved 1048576K
}

